# this configuration file is suitable for displaying kernel log files


# example of text substitution
#regexp=\bda?emon
#replace=angel
#colours=red
#======
# example of text substitution
#regexp=(\d\d):(\d\d):(\d\d)
#replace=\1h\2m\3s
#======
# this is date
#regexp=^... (\d| )\d \d\d:\d\d:\d\d(\s[\w\d]+?\s)
#colours=green, green, red
#count=once
#======
# this is date 2
#regexp=^\d+\-\w+\-\d+ \d+:\d+:\d+\.\d+
regexp=^\d{2}\-\w{3}\-\d{4} (\d{2}:\d{2}:\d{2})\.\d{3}
colours=green, yellow, green
count=once
======
# everything in parentheses
regexp=\[.+?\]
colours=green
count=more
======
# everything in `'
regexp=\'.+?\'
colours=bold yellow
count=more
======
# everything in `'
regexp=\`.+?\'
colours=bold yellow
count=more
======
# this is probably a pathname
regexp=/[\w/\.]+
colours=bold green
count=more
======
# name of process and pid
regexp=([\w/\.\-]+)(\[\d+?\])
colours=bold blue, bold red
count=more
======
# ip number
regexp=\d{1,3}\.\d{1,3}\.\d{1,3}\.\d{1,3}
colours=bold magenta
count=more
======
# connect requires special attention
regexp=connect
colours=on_red
count=more
======
# connect requires special attention
regexp=ERROR
colours=bold red
count=more
======
# connect requires special attention
regexp=FileNotFoundException
colours=bold red
count=more
======
# WARNING requires special attention
regexp=WARNING
colours=bold yellow
count=more
# INFO requires special attention
regexp=INFO
colours=blue
count=more



